# JRE version: OpenJDK Runtime Environment Temurin-21.0.7+6 (21.0.7+6) (build 21.0.7+6-LTS)
# Java VM: OpenJDK 64-Bit Server VM Temurin-21.0.7+6 (21.0.7+6-LTS, mixed mode, sharing, tiered, compressed oops, compressed class ptrs, parallel gc, windows-amd64)
GC Precious Log:
 CardTable entry size: 512
 CPUs: 8 total, 8 available
 Memory: 16167M
 Large Page Support: Disabled
 NUMA Support: Disabled
 Compressed Oops: Enabled (32-bit)
 Alignments: Space 512K, Generation 512K, Heap 2M
 Heap Min Capacity: 100M
 Heap Initial Capacity: 100M
 Heap Max Capacity: 2G
 Pre-touch: Disabled
 Parallel Workers: 8
Heap:
 PSYoungGen      total 9216K, used 6634K [0x00000000d5580000, 0x00000000d6280000, 0x0000000100000000)
  eden space 8704K, 74% used [0x00000000d5580000,0x00000000d5bca9c0,0x00000000d5e00000)
  from space 512K, 37% used [0x00000000d6180000,0x00000000d61b0000,0x00000000d6200000)
  to   space 512K, 0% used [0x00000000d6200000,0x00000000d6200000,0x00000000d6280000)
 ParOldGen       total 658432K, used 588324K [0x0000000080000000, 0x00000000a8300000, 0x00000000d5580000)
  object space 658432K, 89% used [0x0000000080000000,0x00000000a3e890b0,0x00000000a8300000)
 Metaspace       used 68769K, committed 70336K, reserved 1114112K
  class space    used 8346K, committed 9024K, reserved 1048576K
GC Heap History (20 events):
Event: 40.890 GC heap before
{Heap before GC invocations=903 (full 3):
 PSYoungGen      total 9216K, used 8928K [0x00000000d5580000, 0x00000000d6280000, 0x0000000100000000)
  eden space 8704K, 100% used [0x00000000d5580000,0x00000000d5e00000,0x00000000d5e00000)
  from space 512K, 43% used [0x00000000d6180000,0x00000000d61b8000,0x00000000d6200000)
  to   space 512K, 0% used [0x00000000d6200000,0x00000000d6200000,0x00000000d6280000)
 ParOldGen       total 658432K, used 587084K [0x0000000080000000, 0x00000000a8300000, 0x00000000d5580000)
  object space 658432K, 89% used [0x0000000080000000,0x00000000a3d53080,0x00000000a8300000)
 Metaspace       used 68424K, committed 69952K, reserved 1114112K
  class space    used 8324K, committed 9024K, reserved 1048576K
}
Event: 40.892 GC heap after
{Heap after GC invocations=903 (full 3):
 PSYoungGen      total 9216K, used 256K [0x00000000d5580000, 0x00000000d6280000, 0x0000000100000000)
  eden space 8704K, 0% used [0x00000000d5580000,0x00000000d5580000,0x00000000d5e00000)
  from space 512K, 50% used [0x00000000d6200000,0x00000000d6240000,0x00000000d6280000)
  to   space 512K, 0% used [0x00000000d6180000,0x00000000d6180000,0x00000000d6200000)
 ParOldGen       total 658432K, used 587092K [0x0000000080000000, 0x00000000a8300000, 0x00000000d5580000)
  object space 658432K, 89% used [0x0000000080000000,0x00000000a3d55080,0x00000000a8300000)
 Metaspace       used 68424K, committed 69952K, reserved 1114112K
  class space    used 8324K, committed 9024K, reserved 1048576K
}
Event: 41.078 GC heap before
{Heap before GC invocations=904 (full 3):
 PSYoungGen      total 9216K, used 8960K [0x00000000d5580000, 0x00000000d6280000, 0x0000000100000000)
  eden space 8704K, 100% used [0x00000000d5580000,0x00000000d5e00000,0x00000000d5e00000)
  from space 512K, 50% used [0x00000000d6200000,0x00000000d6240000,0x00000000d6280000)
  to   space 512K, 0% used [0x00000000d6180000,0x00000000d6180000,0x00000000d6200000)
 ParOldGen       total 658432K, used 587092K [0x0000000080000000, 0x00000000a8300000, 0x00000000d5580000)
  object space 658432K, 89% used [0x0000000080000000,0x00000000a3d55080,0x00000000a8300000)
 Metaspace       used 68488K, committed 70016K, reserved 1114112K
  class space    used 8329K, committed 9024K, reserved 1048576K
}
Event: 41.081 GC heap after
{Heap after GC invocations=904 (full 3):
 PSYoungGen      total 9216K, used 256K [0x00000000d5580000, 0x00000000d6280000, 0x0000000100000000)
  eden space 8704K, 0% used [0x00000000d5580000,0x00000000d5580000,0x00000000d5e00000)
  from space 512K, 50% used [0x00000000d6180000,0x00000000d61c0000,0x00000000d6200000)
  to   space 512K, 0% used [0x00000000d6200000,0x00000000d6200000,0x00000000d6280000)
 ParOldGen       total 658432K, used 587100K [0x0000000080000000, 0x00000000a8300000, 0x00000000d5580000)
  object space 658432K, 89% used [0x0000000080000000,0x00000000a3d57080,0x00000000a8300000)
 Metaspace       used 68488K, committed 70016K, reserved 1114112K
  class space    used 8329K, committed 9024K, reserved 1048576K
}
Event: 41.318 GC heap before
{Heap before GC invocations=905 (full 3):
 PSYoungGen      total 9216K, used 8959K [0x00000000d5580000, 0x00000000d6280000, 0x0000000100000000)
  eden space 8704K, 99% used [0x00000000d5580000,0x00000000d5dfffe8,0x00000000d5e00000)
  from space 512K, 50% used [0x00000000d6180000,0x00000000d61c0000,0x00000000d6200000)
  to   space 512K, 0% used [0x00000000d6200000,0x00000000d6200000,0x00000000d6280000)
 ParOldGen       total 658432K, used 587100K [0x0000000080000000, 0x00000000a8300000, 0x00000000d5580000)
  object space 658432K, 89% used [0x0000000080000000,0x00000000a3d57080,0x00000000a8300000)
 Metaspace       used 68645K, committed 70208K, reserved 1114112K
  class space    used 8345K, committed 9024K, reserved 1048576K
}
Event: 41.320 GC heap after
{Heap after GC invocations=905 (full 3):
 PSYoungGen      total 9216K, used 240K [0x00000000d5580000, 0x00000000d6280000, 0x0000000100000000)
  eden space 8704K, 0% used [0x00000000d5580000,0x00000000d5580000,0x00000000d5e00000)
  from space 512K, 46% used [0x00000000d6200000,0x00000000d623c010,0x00000000d6280000)
  to   space 512K, 0% used [0x00000000d6180000,0x00000000d6180000,0x00000000d6200000)
 ParOldGen       total 658432K, used 587148K [0x0000000080000000, 0x00000000a8300000, 0x00000000d5580000)
  object space 658432K, 89% used [0x0000000080000000,0x00000000a3d63080,0x00000000a8300000)
 Metaspace       used 68645K, committed 70208K, reserved 1114112K
  class space    used 8345K, committed 9024K, reserved 1048576K
}
Event: 41.548 GC heap before
{Heap before GC invocations=906 (full 3):
 PSYoungGen      total 9216K, used 8944K [0x00000000d5580000, 0x00000000d6280000, 0x0000000100000000)
  eden space 8704K, 100% used [0x00000000d5580000,0x00000000d5e00000,0x00000000d5e00000)
  from space 512K, 46% used [0x00000000d6200000,0x00000000d623c010,0x00000000d6280000)
  to   space 512K, 0% used [0x00000000d6180000,0x00000000d6180000,0x00000000d6200000)
 ParOldGen       total 658432K, used 587148K [0x0000000080000000, 0x00000000a8300000, 0x00000000d5580000)
  object space 658432K, 89% used [0x0000000080000000,0x00000000a3d63080,0x00000000a8300000)
 Metaspace       used 68672K, committed 70208K, reserved 1114112K
  class space    used 8345K, committed 9024K, reserved 1048576K
}
Event: 41.551 GC heap after
{Heap after GC invocations=906 (full 3):
 PSYoungGen      total 9216K, used 192K [0x00000000d5580000, 0x00000000d6280000, 0x0000000100000000)
  eden space 8704K, 0% used [0x00000000d5580000,0x00000000d5580000,0x00000000d5e00000)
  from space 512K, 37% used [0x00000000d6180000,0x00000000d61b0000,0x00000000d6200000)
  to   space 512K, 0% used [0x00000000d6200000,0x00000000d6200000,0x00000000d6280000)
 ParOldGen       total 658432K, used 587252K [0x0000000080000000, 0x00000000a8300000, 0x00000000d5580000)
  object space 658432K, 89% used [0x0000000080000000,0x00000000a3d7d090,0x00000000a8300000)
 Metaspace       used 68672K, committed 70208K, reserved 1114112K
  class space    used 8345K, committed 9024K, reserved 1048576K
}
Event: 41.822 GC heap before
{Heap before GC invocations=907 (full 3):
 PSYoungGen      total 9216K, used 8896K [0x00000000d5580000, 0x00000000d6280000, 0x0000000100000000)
  eden space 8704K, 100% used [0x00000000d5580000,0x00000000d5e00000,0x00000000d5e00000)
  from space 512K, 37% used [0x00000000d6180000,0x00000000d61b0000,0x00000000d6200000)
  to   space 512K, 0% used [0x00000000d6200000,0x00000000d6200000,0x00000000d6280000)
 ParOldGen       total 658432K, used 587252K [0x0000000080000000, 0x00000000a8300000, 0x00000000d5580000)
  object space 658432K, 89% used [0x0000000080000000,0x00000000a3d7d090,0x00000000a8300000)
 Metaspace       used 68701K, committed 70208K, reserved 1114112K
  class space    used 8345K, committed 9024K, reserved 1048576K
}
Event: 41.825 GC heap after
{Heap after GC invocations=907 (full 3):
 PSYoungGen      total 9216K, used 384K [0x00000000d5580000, 0x00000000d6280000, 0x0000000100000000)
  eden space 8704K, 0% used [0x00000000d5580000,0x00000000d5580000,0x00000000d5e00000)
  from space 512K, 75% used [0x00000000d6200000,0x00000000d6260020,0x00000000d6280000)
  to   space 512K, 0% used [0x00000000d6180000,0x00000000d6180000,0x00000000d6200000)
 ParOldGen       total 658432K, used 587308K [0x0000000080000000, 0x00000000a8300000, 0x00000000d5580000)
  object space 658432K, 89% used [0x0000000080000000,0x00000000a3d8b090,0x00000000a8300000)
 Metaspace       used 68701K, committed 70208K, reserved 1114112K
  class space    used 8345K, committed 9024K, reserved 1048576K
}
Event: 42.721 GC heap before
{Heap before GC invocations=908 (full 3):
 PSYoungGen      total 9216K, used 9088K [0x00000000d5580000, 0x00000000d6280000, 0x0000000100000000)
  eden space 8704K, 100% used [0x00000000d5580000,0x00000000d5e00000,0x00000000d5e00000)
  from space 512K, 75% used [0x00000000d6200000,0x00000000d6260020,0x00000000d6280000)
  to   space 512K, 0% used [0x00000000d6180000,0x00000000d6180000,0x00000000d6200000)
 ParOldGen       total 658432K, used 587308K [0x0000000080000000, 0x00000000a8300000, 0x00000000d5580000)
  object space 658432K, 89% used [0x0000000080000000,0x00000000a3d8b090,0x00000000a8300000)
 Metaspace       used 68723K, committed 70272K, reserved 1114112K
  class space    used 8345K, committed 9024K, reserved 1048576K
}
Event: 42.725 GC heap after
{Heap after GC invocations=908 (full 3):
 PSYoungGen      total 9216K, used 512K [0x00000000d5580000, 0x00000000d6280000, 0x0000000100000000)
  eden space 8704K, 0% used [0x00000000d5580000,0x00000000d5580000,0x00000000d5e00000)
  from space 512K, 100% used [0x00000000d6180000,0x00000000d6200000,0x00000000d6200000)
  to   space 512K, 0% used [0x00000000d6200000,0x00000000d6200000,0x00000000d6280000)
 ParOldGen       total 658432K, used 587604K [0x0000000080000000, 0x00000000a8300000, 0x00000000d5580000)
  object space 658432K, 89% used [0x0000000080000000,0x00000000a3dd50b0,0x00000000a8300000)
 Metaspace       used 68723K, committed 70272K, reserved 1114112K
  class space    used 8345K, committed 9024K, reserved 1048576K
}
Event: 42.890 GC heap before
{Heap before GC invocations=909 (full 3):
 PSYoungGen      total 9216K, used 9216K [0x00000000d5580000, 0x00000000d6280000, 0x0000000100000000)
  eden space 8704K, 100% used [0x00000000d5580000,0x00000000d5e00000,0x00000000d5e00000)
  from space 512K, 100% used [0x00000000d6180000,0x00000000d6200000,0x00000000d6200000)
  to   space 512K, 0% used [0x00000000d6200000,0x00000000d6200000,0x00000000d6280000)
 ParOldGen       total 658432K, used 587604K [0x0000000080000000, 0x00000000a8300000, 0x00000000d5580000)
  object space 658432K, 89% used [0x0000000080000000,0x00000000a3dd50b0,0x00000000a8300000)
 Metaspace       used 68748K, committed 70272K, reserved 1114112K
  class space    used 8346K, committed 9024K, reserved 1048576K
}
Event: 42.893 GC heap after
{Heap after GC invocations=909 (full 3):
 PSYoungGen      total 9216K, used 224K [0x00000000d5580000, 0x00000000d6280000, 0x0000000100000000)
  eden space 8704K, 0% used [0x00000000d5580000,0x00000000d5580000,0x00000000d5e00000)
  from space 512K, 43% used [0x00000000d6200000,0x00000000d6238000,0x00000000d6280000)
  to   space 512K, 0% used [0x00000000d6180000,0x00000000d6180000,0x00000000d6200000)
 ParOldGen       total 658432K, used 588068K [0x0000000080000000, 0x00000000a8300000, 0x00000000d5580000)
  object space 658432K, 89% used [0x0000000080000000,0x00000000a3e490b0,0x00000000a8300000)
 Metaspace       used 68748K, committed 70272K, reserved 1114112K
  class space    used 8346K, committed 9024K, reserved 1048576K
}
Event: 43.082 GC heap before
{Heap before GC invocations=910 (full 3):
 PSYoungGen      total 9216K, used 8928K [0x00000000d5580000, 0x00000000d6280000, 0x0000000100000000)
  eden space 8704K, 100% used [0x00000000d5580000,0x00000000d5e00000,0x00000000d5e00000)
  from space 512K, 43% used [0x00000000d6200000,0x00000000d6238000,0x00000000d6280000)
  to   space 512K, 0% used [0x00000000d6180000,0x00000000d6180000,0x00000000d6200000)
 ParOldGen       total 658432K, used 588068K [0x0000000080000000, 0x00000000a8300000, 0x00000000d5580000)
  object space 658432K, 89% used [0x0000000080000000,0x00000000a3e490b0,0x00000000a8300000)
 Metaspace       used 68748K, committed 70272K, reserved 1114112K
  class space    used 8346K, committed 9024K, reserved 1048576K
}
Event: 43.084 GC heap after
{Heap after GC invocations=910 (full 3):
 PSYoungGen      total 9216K, used 224K [0x00000000d5580000, 0x00000000d6280000, 0x0000000100000000)
  eden space 8704K, 0% used [0x00000000d5580000,0x00000000d5580000,0x00000000d5e00000)
  from space 512K, 43% used [0x00000000d6180000,0x00000000d61b8000,0x00000000d6200000)
  to   space 512K, 0% used [0x00000000d6200000,0x00000000d6200000,0x00000000d6280000)
 ParOldGen       total 658432K, used 588164K [0x0000000080000000, 0x00000000a8300000, 0x00000000d5580000)
  object space 658432K, 89% used [0x0000000080000000,0x00000000a3e610b0,0x00000000a8300000)
 Metaspace       used 68748K, committed 70272K, reserved 1114112K
  class space    used 8346K, committed 9024K, reserved 1048576K
}
Event: 43.191 GC heap before
{Heap before GC invocations=911 (full 3):
 PSYoungGen      total 9216K, used 8928K [0x00000000d5580000, 0x00000000d6280000, 0x0000000100000000)
  eden space 8704K, 100% used [0x00000000d5580000,0x00000000d5e00000,0x00000000d5e00000)
  from space 512K, 43% used [0x00000000d6180000,0x00000000d61b8000,0x00000000d6200000)
  to   space 512K, 0% used [0x00000000d6200000,0x00000000d6200000,0x00000000d6280000)
 ParOldGen       total 658432K, used 588164K [0x0000000080000000, 0x00000000a8300000, 0x00000000d5580000)
  object space 658432K, 89% used [0x0000000080000000,0x00000000a3e610b0,0x00000000a8300000)
 Metaspace       used 68748K, committed 70272K, reserved 1114112K
  class space    used 8346K, committed 9024K, reserved 1048576K
}
Event: 43.193 GC heap after
{Heap after GC invocations=911 (full 3):
 PSYoungGen      total 9216K, used 256K [0x00000000d5580000, 0x00000000d6280000, 0x0000000100000000)
  eden space 8704K, 0% used [0x00000000d5580000,0x00000000d5580000,0x00000000d5e00000)
  from space 512K, 50% used [0x00000000d6200000,0x00000000d6240000,0x00000000d6280000)
  to   space 512K, 0% used [0x00000000d6180000,0x00000000d6180000,0x00000000d6200000)
 ParOldGen       total 658432K, used 588244K [0x0000000080000000, 0x00000000a8300000, 0x00000000d5580000)
  object space 658432K, 89% used [0x0000000080000000,0x00000000a3e750b0,0x00000000a8300000)
 Metaspace       used 68748K, committed 70272K, reserved 1114112K
  class space    used 8346K, committed 9024K, reserved 1048576K
}
Event: 43.223 GC heap before
{Heap before GC invocations=912 (full 3):
 PSYoungGen      total 9216K, used 8960K [0x00000000d5580000, 0x00000000d6280000, 0x0000000100000000)
  eden space 8704K, 100% used [0x00000000d5580000,0x00000000d5e00000,0x00000000d5e00000)
  from space 512K, 50% used [0x00000000d6200000,0x00000000d6240000,0x00000000d6280000)
  to   space 512K, 0% used [0x00000000d6180000,0x00000000d6180000,0x00000000d6200000)
 ParOldGen       total 658432K, used 588244K [0x0000000080000000, 0x00000000a8300000, 0x00000000d5580000)
  object space 658432K, 89% used [0x0000000080000000,0x00000000a3e750b0,0x00000000a8300000)
 Metaspace       used 68748K, committed 70272K, reserved 1114112K
  class space    used 8346K, committed 9024K, reserved 1048576K
}
Event: 43.225 GC heap after
{Heap after GC invocations=912 (full 3):
 PSYoungGen      total 9216K, used 192K [0x00000000d5580000, 0x00000000d6280000, 0x0000000100000000)
  eden space 8704K, 0% used [0x00000000d5580000,0x00000000d5580000,0x00000000d5e00000)
  from space 512K, 37% used [0x00000000d6180000,0x00000000d61b0000,0x00000000d6200000)
  to   space 512K, 0% used [0x00000000d6200000,0x00000000d6200000,0x00000000d6280000)
 ParOldGen       total 658432K, used 588324K [0x0000000080000000, 0x00000000a8300000, 0x00000000d5580000)
  object space 658432K, 89% used [0x0000000080000000,0x00000000a3e890b0,0x00000000a8300000)
 Metaspace       used 68748K, committed 70272K, reserved 1114112K
  class space    used 8346K, committed 9024K, reserved 1048576K
}

