# JRE version: OpenJDK Runtime Environment Temurin-21.0.7+6 (21.0.7+6) (build 21.0.7+6-LTS)
# Java VM: OpenJDK 64-Bit Server VM Temurin-21.0.7+6 (21.0.7+6-LTS, mixed mode, sharing, tiered, compressed oops, compressed class ptrs, parallel gc, windows-amd64)
GC Precious Log:
 CardTable entry size: 512
 CPUs: 8 total, 8 available
 Memory: 16167M
 Large Page Support: Disabled
 NUMA Support: Disabled
 Compressed Oops: Enabled (32-bit)
 Alignments: Space 512K, Generation 512K, Heap 2M
 Heap Min Capacity: 100M
 Heap Initial Capacity: 100M
 Heap Max Capacity: 2G
 Pre-touch: Disabled
 Parallel Workers: 8
Heap:
 PSYoungGen      total 18432K, used 13498K [0x00000000d5580000, 0x00000000d6d00000, 0x0000000100000000)
  eden space 17408K, 73% used [0x00000000d5580000,0x00000000d620ea38,0x00000000d6680000)
  from space 1024K, 62% used [0x00000000d6c00000,0x00000000d6ca0000,0x00000000d6d00000)
  to   space 1024K, 0% used [0x00000000d6b00000,0x00000000d6b00000,0x00000000d6c00000)
 ParOldGen       total 1284608K, used 195689K [0x0000000080000000, 0x00000000ce680000, 0x00000000d5580000)
  object space 1284608K, 15% used [0x0000000080000000,0x000000008bf1a5d8,0x00000000ce680000)
 Metaspace       used 65231K, committed 66688K, reserved 1114112K
  class space    used 7921K, committed 8576K, reserved 1048576K
GC Heap History (20 events):
Event: 52.991 GC heap before
{Heap before GC invocations=312 (full 3):
 PSYoungGen      total 17920K, used 17760K [0x00000000d5580000, 0x00000000d6e80000, 0x0000000100000000)
  eden space 17408K, 100% used [0x00000000d5580000,0x00000000d6680000,0x00000000d6680000)
  from space 512K, 68% used [0x00000000d6e00000,0x00000000d6e58000,0x00000000d6e80000)
  to   space 512K, 0% used [0x00000000d6d80000,0x00000000d6d80000,0x00000000d6e00000)
 ParOldGen       total 1284608K, used 194251K [0x0000000080000000, 0x00000000ce680000, 0x00000000d5580000)
  object space 1284608K, 15% used [0x0000000080000000,0x000000008bdb2ef0,0x00000000ce680000)
 Metaspace       used 62237K, committed 63680K, reserved 1114112K
  class space    used 7491K, committed 8128K, reserved 1048576K
}
Event: 52.993 GC heap after
{Heap after GC invocations=312 (full 3):
 PSYoungGen      total 17920K, used 506K [0x00000000d5580000, 0x00000000d6e80000, 0x0000000100000000)
  eden space 17408K, 0% used [0x00000000d5580000,0x00000000d5580000,0x00000000d6680000)
  from space 512K, 98% used [0x00000000d6d80000,0x00000000d6dfe8d0,0x00000000d6e00000)
  to   space 512K, 0% used [0x00000000d6e00000,0x00000000d6e00000,0x00000000d6e80000)
 ParOldGen       total 1284608K, used 194583K [0x0000000080000000, 0x00000000ce680000, 0x00000000d5580000)
  object space 1284608K, 15% used [0x0000000080000000,0x000000008be05e90,0x00000000ce680000)
 Metaspace       used 62237K, committed 63680K, reserved 1114112K
  class space    used 7491K, committed 8128K, reserved 1048576K
}
Event: 53.192 GC heap before
{Heap before GC invocations=313 (full 3):
 PSYoungGen      total 17920K, used 17914K [0x00000000d5580000, 0x00000000d6e80000, 0x0000000100000000)
  eden space 17408K, 100% used [0x00000000d5580000,0x00000000d6680000,0x00000000d6680000)
  from space 512K, 98% used [0x00000000d6d80000,0x00000000d6dfe8d0,0x00000000d6e00000)
  to   space 512K, 0% used [0x00000000d6e00000,0x00000000d6e00000,0x00000000d6e80000)
 ParOldGen       total 1284608K, used 194583K [0x0000000080000000, 0x00000000ce680000, 0x00000000d5580000)
  object space 1284608K, 15% used [0x0000000080000000,0x000000008be05e90,0x00000000ce680000)
 Metaspace       used 62237K, committed 63680K, reserved 1114112K
  class space    used 7491K, committed 8128K, reserved 1048576K
}
Event: 53.194 GC heap after
{Heap after GC invocations=313 (full 3):
 PSYoungGen      total 17920K, used 511K [0x00000000d5580000, 0x00000000d6e80000, 0x0000000100000000)
  eden space 17408K, 0% used [0x00000000d5580000,0x00000000d5580000,0x00000000d6680000)
  from space 512K, 99% used [0x00000000d6e00000,0x00000000d6e7ffa8,0x00000000d6e80000)
  to   space 1536K, 0% used [0x00000000d6b80000,0x00000000d6b80000,0x00000000d6d00000)
 ParOldGen       total 1284608K, used 195143K [0x0000000080000000, 0x00000000ce680000, 0x00000000d5580000)
  object space 1284608K, 15% used [0x0000000080000000,0x000000008be91c80,0x00000000ce680000)
 Metaspace       used 62237K, committed 63680K, reserved 1114112K
  class space    used 7491K, committed 8128K, reserved 1048576K
}
Event: 53.376 GC heap before
{Heap before GC invocations=314 (full 3):
 PSYoungGen      total 17920K, used 17919K [0x00000000d5580000, 0x00000000d6e80000, 0x0000000100000000)
  eden space 17408K, 100% used [0x00000000d5580000,0x00000000d6680000,0x00000000d6680000)
  from space 512K, 99% used [0x00000000d6e00000,0x00000000d6e7ffa8,0x00000000d6e80000)
  to   space 1536K, 0% used [0x00000000d6b80000,0x00000000d6b80000,0x00000000d6d00000)
 ParOldGen       total 1284608K, used 195143K [0x0000000080000000, 0x00000000ce680000, 0x00000000d5580000)
  object space 1284608K, 15% used [0x0000000080000000,0x000000008be91c80,0x00000000ce680000)
 Metaspace       used 62237K, committed 63680K, reserved 1114112K
  class space    used 7491K, committed 8128K, reserved 1048576K
}
Event: 53.378 GC heap after
{Heap after GC invocations=314 (full 3):
 PSYoungGen      total 18944K, used 873K [0x00000000d5580000, 0x00000000d6e80000, 0x0000000100000000)
  eden space 17408K, 0% used [0x00000000d5580000,0x00000000d5580000,0x00000000d6680000)
  from space 1536K, 56% used [0x00000000d6b80000,0x00000000d6c5a488,0x00000000d6d00000)
  to   space 1024K, 0% used [0x00000000d6d80000,0x00000000d6d80000,0x00000000d6e80000)
 ParOldGen       total 1284608K, used 195186K [0x0000000080000000, 0x00000000ce680000, 0x00000000d5580000)
  object space 1284608K, 15% used [0x0000000080000000,0x000000008be9cad0,0x00000000ce680000)
 Metaspace       used 62237K, committed 63680K, reserved 1114112K
  class space    used 7491K, committed 8128K, reserved 1048576K
}
Event: 53.573 GC heap before
{Heap before GC invocations=315 (full 3):
 PSYoungGen      total 18944K, used 18281K [0x00000000d5580000, 0x00000000d6e80000, 0x0000000100000000)
  eden space 17408K, 100% used [0x00000000d5580000,0x00000000d6680000,0x00000000d6680000)
  from space 1536K, 56% used [0x00000000d6b80000,0x00000000d6c5a488,0x00000000d6d00000)
  to   space 1024K, 0% used [0x00000000d6d80000,0x00000000d6d80000,0x00000000d6e80000)
 ParOldGen       total 1284608K, used 195186K [0x0000000080000000, 0x00000000ce680000, 0x00000000d5580000)
  object space 1284608K, 15% used [0x0000000080000000,0x000000008be9cad0,0x00000000ce680000)
 Metaspace       used 62237K, committed 63680K, reserved 1114112K
  class space    used 7491K, committed 8128K, reserved 1048576K
}
Event: 53.574 GC heap after
{Heap after GC invocations=315 (full 3):
 PSYoungGen      total 17920K, used 301K [0x00000000d5580000, 0x00000000d6e00000, 0x0000000100000000)
  eden space 17408K, 0% used [0x00000000d5580000,0x00000000d5580000,0x00000000d6680000)
  from space 512K, 58% used [0x00000000d6d80000,0x00000000d6dcb420,0x00000000d6e00000)
  to   space 1024K, 0% used [0x00000000d6c00000,0x00000000d6c00000,0x00000000d6d00000)
 ParOldGen       total 1284608K, used 195250K [0x0000000080000000, 0x00000000ce680000, 0x00000000d5580000)
  object space 1284608K, 15% used [0x0000000080000000,0x000000008beacad0,0x00000000ce680000)
 Metaspace       used 62237K, committed 63680K, reserved 1114112K
  class space    used 7491K, committed 8128K, reserved 1048576K
}
Event: 53.708 GC heap before
{Heap before GC invocations=316 (full 3):
 PSYoungGen      total 17920K, used 17709K [0x00000000d5580000, 0x00000000d6e00000, 0x0000000100000000)
  eden space 17408K, 100% used [0x00000000d5580000,0x00000000d6680000,0x00000000d6680000)
  from space 512K, 58% used [0x00000000d6d80000,0x00000000d6dcb420,0x00000000d6e00000)
  to   space 1024K, 0% used [0x00000000d6c00000,0x00000000d6c00000,0x00000000d6d00000)
 ParOldGen       total 1284608K, used 195250K [0x0000000080000000, 0x00000000ce680000, 0x00000000d5580000)
  object space 1284608K, 15% used [0x0000000080000000,0x000000008beacad0,0x00000000ce680000)
 Metaspace       used 62237K, committed 63680K, reserved 1114112K
  class space    used 7491K, committed 8128K, reserved 1048576K
}
Event: 53.709 GC heap after
{Heap after GC invocations=316 (full 3):
 PSYoungGen      total 18432K, used 656K [0x00000000d5580000, 0x00000000d6e00000, 0x0000000100000000)
  eden space 17408K, 0% used [0x00000000d5580000,0x00000000d5580000,0x00000000d6680000)
  from space 1024K, 64% used [0x00000000d6c00000,0x00000000d6ca4370,0x00000000d6d00000)
  to   space 1024K, 0% used [0x00000000d6d00000,0x00000000d6d00000,0x00000000d6e00000)
 ParOldGen       total 1284608K, used 195334K [0x0000000080000000, 0x00000000ce680000, 0x00000000d5580000)
  object space 1284608K, 15% used [0x0000000080000000,0x000000008bec1ba0,0x00000000ce680000)
 Metaspace       used 62237K, committed 63680K, reserved 1114112K
  class space    used 7491K, committed 8128K, reserved 1048576K
}
Event: 53.903 GC heap before
{Heap before GC invocations=317 (full 3):
 PSYoungGen      total 18432K, used 18064K [0x00000000d5580000, 0x00000000d6e00000, 0x0000000100000000)
  eden space 17408K, 100% used [0x00000000d5580000,0x00000000d6680000,0x00000000d6680000)
  from space 1024K, 64% used [0x00000000d6c00000,0x00000000d6ca4370,0x00000000d6d00000)
  to   space 1024K, 0% used [0x00000000d6d00000,0x00000000d6d00000,0x00000000d6e00000)
 ParOldGen       total 1284608K, used 195334K [0x0000000080000000, 0x00000000ce680000, 0x00000000d5580000)
  object space 1284608K, 15% used [0x0000000080000000,0x000000008bec1ba0,0x00000000ce680000)
 Metaspace       used 62237K, committed 63680K, reserved 1114112K
  class space    used 7491K, committed 8128K, reserved 1048576K
}
Event: 53.905 GC heap after
{Heap after GC invocations=317 (full 3):
 PSYoungGen      total 18432K, used 1013K [0x00000000d5580000, 0x00000000d6e00000, 0x0000000100000000)
  eden space 17408K, 0% used [0x00000000d5580000,0x00000000d5580000,0x00000000d6680000)
  from space 1024K, 98% used [0x00000000d6d00000,0x00000000d6dfd420,0x00000000d6e00000)
  to   space 1536K, 0% used [0x00000000d6b00000,0x00000000d6b00000,0x00000000d6c80000)
 ParOldGen       total 1284608K, used 195477K [0x0000000080000000, 0x00000000ce680000, 0x00000000d5580000)
  object space 1284608K, 15% used [0x0000000080000000,0x000000008bee54f8,0x00000000ce680000)
 Metaspace       used 62237K, committed 63680K, reserved 1114112K
  class space    used 7491K, committed 8128K, reserved 1048576K
}
Event: 54.100 GC heap before
{Heap before GC invocations=318 (full 3):
 PSYoungGen      total 18432K, used 18421K [0x00000000d5580000, 0x00000000d6e00000, 0x0000000100000000)
  eden space 17408K, 100% used [0x00000000d5580000,0x00000000d6680000,0x00000000d6680000)
  from space 1024K, 98% used [0x00000000d6d00000,0x00000000d6dfd420,0x00000000d6e00000)
  to   space 1536K, 0% used [0x00000000d6b00000,0x00000000d6b00000,0x00000000d6c80000)
 ParOldGen       total 1284608K, used 195477K [0x0000000080000000, 0x00000000ce680000, 0x00000000d5580000)
  object space 1284608K, 15% used [0x0000000080000000,0x000000008bee54f8,0x00000000ce680000)
 Metaspace       used 62237K, committed 63680K, reserved 1114112K
  class space    used 7491K, committed 8128K, reserved 1048576K
}
Event: 54.102 GC heap after
{Heap after GC invocations=318 (full 3):
 PSYoungGen      total 18944K, used 873K [0x00000000d5580000, 0x00000000d6d80000, 0x0000000100000000)
  eden space 17408K, 0% used [0x00000000d5580000,0x00000000d5580000,0x00000000d6680000)
  from space 1536K, 56% used [0x00000000d6b00000,0x00000000d6bda548,0x00000000d6c80000)
  to   space 1024K, 0% used [0x00000000d6c80000,0x00000000d6c80000,0x00000000d6d80000)
 ParOldGen       total 1284608K, used 195533K [0x0000000080000000, 0x00000000ce680000, 0x00000000d5580000)
  object space 1284608K, 15% used [0x0000000080000000,0x000000008bef34f8,0x00000000ce680000)
 Metaspace       used 62237K, committed 63680K, reserved 1114112K
  class space    used 7491K, committed 8128K, reserved 1048576K
}
Event: 54.264 GC heap before
{Heap before GC invocations=319 (full 3):
 PSYoungGen      total 18944K, used 18281K [0x00000000d5580000, 0x00000000d6d80000, 0x0000000100000000)
  eden space 17408K, 100% used [0x00000000d5580000,0x00000000d6680000,0x00000000d6680000)
  from space 1536K, 56% used [0x00000000d6b00000,0x00000000d6bda548,0x00000000d6c80000)
  to   space 1024K, 0% used [0x00000000d6c80000,0x00000000d6c80000,0x00000000d6d80000)
 ParOldGen       total 1284608K, used 195533K [0x0000000080000000, 0x00000000ce680000, 0x00000000d5580000)
  object space 1284608K, 15% used [0x0000000080000000,0x000000008bef34f8,0x00000000ce680000)
 Metaspace       used 62237K, committed 63680K, reserved 1114112K
  class space    used 7491K, committed 8128K, reserved 1048576K
}
Event: 54.265 GC heap after
{Heap after GC invocations=319 (full 3):
 PSYoungGen      total 17920K, used 298K [0x00000000d5580000, 0x00000000d6d00000, 0x0000000100000000)
  eden space 17408K, 0% used [0x00000000d5580000,0x00000000d5580000,0x00000000d6680000)
  from space 512K, 58% used [0x00000000d6c80000,0x00000000d6cca9a0,0x00000000d6d00000)
  to   space 1024K, 0% used [0x00000000d6b00000,0x00000000d6b00000,0x00000000d6c00000)
 ParOldGen       total 1284608K, used 195557K [0x0000000080000000, 0x00000000ce680000, 0x00000000d5580000)
  object space 1284608K, 15% used [0x0000000080000000,0x000000008bef94f8,0x00000000ce680000)
 Metaspace       used 62237K, committed 63680K, reserved 1114112K
  class space    used 7491K, committed 8128K, reserved 1048576K
}
Event: 54.412 GC heap before
{Heap before GC invocations=320 (full 3):
 PSYoungGen      total 17920K, used 17706K [0x00000000d5580000, 0x00000000d6d00000, 0x0000000100000000)
  eden space 17408K, 100% used [0x00000000d5580000,0x00000000d6680000,0x00000000d6680000)
  from space 512K, 58% used [0x00000000d6c80000,0x00000000d6cca9a0,0x00000000d6d00000)
  to   space 1024K, 0% used [0x00000000d6b00000,0x00000000d6b00000,0x00000000d6c00000)
 ParOldGen       total 1284608K, used 195557K [0x0000000080000000, 0x00000000ce680000, 0x00000000d5580000)
  object space 1284608K, 15% used [0x0000000080000000,0x000000008bef94f8,0x00000000ce680000)
 Metaspace       used 62237K, committed 63680K, reserved 1114112K
  class space    used 7491K, committed 8128K, reserved 1048576K
}
Event: 54.414 GC heap after
{Heap after GC invocations=320 (full 3):
 PSYoungGen      total 18432K, used 566K [0x00000000d5580000, 0x00000000d6d00000, 0x0000000100000000)
  eden space 17408K, 0% used [0x00000000d5580000,0x00000000d5580000,0x00000000d6680000)
  from space 1024K, 55% used [0x00000000d6b00000,0x00000000d6b8db18,0x00000000d6c00000)
  to   space 1024K, 0% used [0x00000000d6c00000,0x00000000d6c00000,0x00000000d6d00000)
 ParOldGen       total 1284608K, used 195633K [0x0000000080000000, 0x00000000ce680000, 0x00000000d5580000)
  object space 1284608K, 15% used [0x0000000080000000,0x000000008bf0c5c8,0x00000000ce680000)
 Metaspace       used 62237K, committed 63680K, reserved 1114112K
  class space    used 7491K, committed 8128K, reserved 1048576K
}
Event: 54.807 GC heap before
{Heap before GC invocations=321 (full 3):
 PSYoungGen      total 18432K, used 17974K [0x00000000d5580000, 0x00000000d6d00000, 0x0000000100000000)
  eden space 17408K, 100% used [0x00000000d5580000,0x00000000d6680000,0x00000000d6680000)
  from space 1024K, 55% used [0x00000000d6b00000,0x00000000d6b8db18,0x00000000d6c00000)
  to   space 1024K, 0% used [0x00000000d6c00000,0x00000000d6c00000,0x00000000d6d00000)
 ParOldGen       total 1284608K, used 195633K [0x0000000080000000, 0x00000000ce680000, 0x00000000d5580000)
  object space 1284608K, 15% used [0x0000000080000000,0x000000008bf0c5c8,0x00000000ce680000)
 Metaspace       used 63834K, committed 65216K, reserved 1114112K
  class space    used 7755K, committed 8384K, reserved 1048576K
}
Event: 54.810 GC heap after
{Heap after GC invocations=321 (full 3):
 PSYoungGen      total 18432K, used 640K [0x00000000d5580000, 0x00000000d6d00000, 0x0000000100000000)
  eden space 17408K, 0% used [0x00000000d5580000,0x00000000d5580000,0x00000000d6680000)
  from space 1024K, 62% used [0x00000000d6c00000,0x00000000d6ca0000,0x00000000d6d00000)
  to   space 1024K, 0% used [0x00000000d6b00000,0x00000000d6b00000,0x00000000d6c00000)
 ParOldGen       total 1284608K, used 195689K [0x0000000080000000, 0x00000000ce680000, 0x00000000d5580000)
  object space 1284608K, 15% used [0x0000000080000000,0x000000008bf1a5d8,0x00000000ce680000)
 Metaspace       used 63834K, committed 65216K, reserved 1114112K
  class space    used 7755K, committed 8384K, reserved 1048576K
}

